C:\Users\nadav\AppData\Local\JetBrains\CLion2021.1\cygwin_cmake\bin\cmake.exe -DCMAKE_BUILD_TYPE=Debug -G "CodeBlocks - Unix Makefiles" /cygdrive/c/Users/nadav/CLionProjects/learnC++
-- The C compiler identification is GNU 4.8.3
-- The CXX compiler identification is GNU 4.8.3
-- Detecting C compiler ABI info
-- Detecting C compiler ABI info - failed
-- Check for working C compiler: /cygdrive/c/mingw/bin/cc.exe
-- Check for working C compiler: /cygdrive/c/mingw/bin/cc.exe - broken
CMake Error at /cygdrive/c/Users/nadav/AppData/Local/JetBrains/CLion2021.1/cygwin_cmake/share/cmake-3.19.2/Modules/CMakeTestCCompiler.cmake:66 (message):
  The C compiler

    "/cygdrive/c/mingw/bin/cc.exe"

  is not able to compile a simple test program.

  It fails with the following output:

    Change Dir: /cygdrive/c/Users/nadav/CLionProjects/learnC++/cmake-build-debug/CMakeFiles/CMakeTmp
    
    Run Build Command(s):/cygdrive/c/mingw/bin/gmake.exe cmTC_245b1/fast && C:/mingw/bin/gmake  -f CMakeFiles/cmTC_245b1.dir/build.make CMakeFiles/cmTC_245b1.dir/build
    gmake[1]: Entering directory 'C:/Users/nadav/CLionProjects/learnC++/cmake-build-debug/CMakeFiles/CMakeTmp'
    Building C object CMakeFiles/cmTC_245b1.dir/testCCompiler.c.o
    /cygdrive/c/mingw/bin/cc.exe    -o CMakeFiles/cmTC_245b1.dir/testCCompiler.c.o -c /cygdrive/c/Users/nadav/CLionProjects/learnC++/cmake-build-debug/CMakeFiles/CMakeTmp/testCCompiler.c
    CMakeFiles/cmTC_245b1.dir/build.make:84: recipe for target 'CMakeFiles/cmTC_245b1.dir/testCCompiler.c.o' failed
    process_begin: CreateProcess(NULL, /cygdrive/c/mingw/bin/cc.exe -o CMakeFiles/cmTC_245b1.dir/testCCompiler.c.o -c /cygdrive/c/Users/nadav/CLionProjects/learnC++/cmake-build-debug/CMakeFiles/CMakeTmp/testCCompiler.c, ...) failed.
    make (e=2): The system cannot find the file specified.
    gmake[1]: *** [CMakeFiles/cmTC_245b1.dir/testCCompiler.c.o] Error 2
    gmake[1]: Leaving directory 'C:/Users/nadav/CLionProjects/learnC++/cmake-build-debug/CMakeFiles/CMakeTmp'
    Makefile:140: recipe for target 'cmTC_245b1/fast' failed
    gmake: *** [cmTC_245b1/fast] Error 2
    
    

  

  CMake will not be able to correctly generate this project.
Call Stack (most recent call first):
  CMakeLists.txt:2 (project)


-- Configuring incomplete, errors occurred!
See also "/cygdrive/c/Users/nadav/CLionProjects/learnC++/cmake-build-debug/CMakeFiles/CMakeOutput.log".
See also "/cygdrive/c/Users/nadav/CLionProjects/learnC++/cmake-build-debug/CMakeFiles/CMakeError.log".
